{"/Users/andresmontoya/Documents/UVG/CDI-Lab-04/client/src/App.tsx": {"path":"/Users/andresmontoya/Documents/UVG/CDI-Lab-04/client/src/App.tsx","statementMap":{"0":{"start":{"line":10,"column":12},"end":{"line":19,"column":null}},"1":{"start":{"line":11,"column":8},"end":{"line":11,"column":null}},"2":{"start":{"line":12,"column":2},"end":{"line":17,"column":null}},"3":{"start":{"line":13,"column":18},"end":{"line":13,"column":null}},"4":{"start":{"line":14,"column":4},"end":{"line":16,"column":null}},"5":{"start":{"line":15,"column":6},"end":{"line":15,"column":null}},"6":{"start":{"line":18,"column":2},"end":{"line":18,"column":null}}},"fnMap":{"0":{"name":"(anonymous_0)","decl":{"start":{"line":10,"column":12},"end":{"line":10,"column":18}},"loc":{"start":{"line":10,"column":18},"end":{"line":19,"column":null}},"line":10},"1":{"name":"(anonymous_1)","decl":{"start":{"line":12,"column":12},"end":{"line":12,"column":18}},"loc":{"start":{"line":12,"column":18},"end":{"line":17,"column":5}},"line":12}},"branchMap":{"0":{"loc":{"start":{"line":14,"column":4},"end":{"line":16,"column":null}},"type":"if","locations":[{"start":{"line":14,"column":4},"end":{"line":16,"column":null}},{"start":{},"end":{}}],"line":14}},"s":{"0":1,"1":8,"2":8,"3":7,"4":7,"5":3,"6":8},"f":{"0":8,"1":7},"b":{"0":[3,4]},"meta":{"lastBranch":1,"lastFunction":2,"lastStatement":7,"seen":{"s:10:12:19:Infinity":0,"f:10:12:10:18":0,"s:11:8:11:Infinity":1,"s:12:2:17:Infinity":2,"f:12:12:12:18":1,"s:13:18:13:Infinity":3,"b:14:4:16:Infinity:undefined:undefined:undefined:undefined":0,"s:14:4:16:Infinity":4,"s:15:6:15:Infinity":5,"s:18:2:18:Infinity":6}}}
,"/Users/andresmontoya/Documents/UVG/CDI-Lab-04/client/src/components/Header.tsx": {"path":"/Users/andresmontoya/Documents/UVG/CDI-Lab-04/client/src/components/Header.tsx","statementMap":{"0":{"start":{"line":8,"column":15},"end":{"line":14,"column":null}},"1":{"start":{"line":16,"column":15},"end":{"line":103,"column":null}},"2":{"start":{"line":17,"column":8},"end":{"line":17,"column":null}},"3":{"start":{"line":19,"column":23},"end":{"line":23,"column":null}},"4":{"start":{"line":20,"column":4},"end":{"line":20,"column":null}},"5":{"start":{"line":21,"column":4},"end":{"line":21,"column":null}},"6":{"start":{"line":22,"column":4},"end":{"line":22,"column":null}},"7":{"start":{"line":25,"column":2},"end":{"line":101,"column":null}}},"fnMap":{"0":{"name":"(anonymous_0)","decl":{"start":{"line":16,"column":15},"end":{"line":16,"column":21}},"loc":{"start":{"line":16,"column":21},"end":{"line":103,"column":null}},"line":16},"1":{"name":"(anonymous_1)","decl":{"start":{"line":19,"column":23},"end":{"line":19,"column":29}},"loc":{"start":{"line":19,"column":29},"end":{"line":23,"column":null}},"line":19}},"branchMap":{},"s":{"0":5,"1":5,"2":22,"3":22,"4":1,"5":1,"6":1,"7":22},"f":{"0":22,"1":1},"b":{},"meta":{"lastBranch":0,"lastFunction":2,"lastStatement":8,"seen":{"s:8:15:14:Infinity":0,"s:16:15:103:Infinity":1,"f:16:15:16:21":0,"s:17:8:17:Infinity":2,"s:19:23:23:Infinity":3,"f:19:23:19:29":1,"s:20:4:20:Infinity":4,"s:21:4:21:Infinity":5,"s:22:4:22:Infinity":6,"s:25:2:101:Infinity":7}}}
,"/Users/andresmontoya/Documents/UVG/CDI-Lab-04/client/src/hooks/useAuth.ts": {"path":"/Users/andresmontoya/Documents/UVG/CDI-Lab-04/client/src/hooks/useAuth.ts","statementMap":{"0":{"start":{"line":4,"column":16},"end":{"line":42,"column":null}},"1":{"start":{"line":5,"column":61},"end":{"line":5,"column":null}},"2":{"start":{"line":6,"column":67},"end":{"line":6,"column":null}},"3":{"start":{"line":7,"column":26},"end":{"line":7,"column":null}},"4":{"start":{"line":9,"column":24},"end":{"line":20,"column":null}},"5":{"start":{"line":10,"column":8},"end":{"line":10,"column":null}},"6":{"start":{"line":11,"column":8},"end":{"line":19,"column":null}},"7":{"start":{"line":12,"column":29},"end":{"line":12,"column":null}},"8":{"start":{"line":13,"column":12},"end":{"line":15,"column":null}},"9":{"start":{"line":14,"column":16},"end":{"line":14,"column":null}},"10":{"start":{"line":17,"column":12},"end":{"line":17,"column":null}},"11":{"start":{"line":18,"column":12},"end":{"line":18,"column":null}},"12":{"start":{"line":22,"column":27},"end":{"line":33,"column":null}},"13":{"start":{"line":23,"column":8},"end":{"line":23,"column":null}},"14":{"start":{"line":24,"column":8},"end":{"line":32,"column":null}},"15":{"start":{"line":25,"column":29},"end":{"line":25,"column":null}},"16":{"start":{"line":26,"column":12},"end":{"line":28,"column":null}},"17":{"start":{"line":27,"column":16},"end":{"line":27,"column":null}},"18":{"start":{"line":30,"column":12},"end":{"line":30,"column":null}},"19":{"start":{"line":31,"column":12},"end":{"line":31,"column":null}},"20":{"start":{"line":35,"column":4},"end":{"line":41,"column":null}}},"fnMap":{"0":{"name":"(anonymous_0)","decl":{"start":{"line":4,"column":16},"end":{"line":4,"column":22}},"loc":{"start":{"line":4,"column":22},"end":{"line":42,"column":null}},"line":4},"1":{"name":"(anonymous_1)","decl":{"start":{"line":9,"column":24},"end":{"line":9,"column":31}},"loc":{"start":{"line":9,"column":89},"end":{"line":20,"column":null}},"line":9},"2":{"name":"(anonymous_2)","decl":{"start":{"line":22,"column":27},"end":{"line":22,"column":34}},"loc":{"start":{"line":22,"column":92},"end":{"line":33,"column":null}},"line":22}},"branchMap":{"0":{"loc":{"start":{"line":13,"column":12},"end":{"line":15,"column":null}},"type":"if","locations":[{"start":{"line":13,"column":12},"end":{"line":15,"column":null}},{"start":{},"end":{}}],"line":13},"1":{"loc":{"start":{"line":13,"column":16},"end":{"line":13,"column":65}},"type":"binary-expr","locations":[{"start":{"line":13,"column":16},"end":{"line":13,"column":41}},{"start":{"line":13,"column":41},"end":{"line":13,"column":65}}],"line":13},"2":{"loc":{"start":{"line":17,"column":21},"end":{"line":17,"column":67}},"type":"binary-expr","locations":[{"start":{"line":17,"column":21},"end":{"line":17,"column":42}},{"start":{"line":17,"column":42},"end":{"line":17,"column":67}}],"line":17},"3":{"loc":{"start":{"line":26,"column":12},"end":{"line":28,"column":null}},"type":"if","locations":[{"start":{"line":26,"column":12},"end":{"line":28,"column":null}},{"start":{},"end":{}}],"line":26},"4":{"loc":{"start":{"line":26,"column":16},"end":{"line":26,"column":65}},"type":"binary-expr","locations":[{"start":{"line":26,"column":16},"end":{"line":26,"column":41}},{"start":{"line":26,"column":41},"end":{"line":26,"column":65}}],"line":26},"5":{"loc":{"start":{"line":30,"column":21},"end":{"line":30,"column":64}},"type":"binary-expr","locations":[{"start":{"line":30,"column":21},"end":{"line":30,"column":42}},{"start":{"line":30,"column":42},"end":{"line":30,"column":64}}],"line":30}},"s":{"0":2,"1":11,"2":11,"3":11,"4":11,"5":3,"6":3,"7":3,"8":0,"9":0,"10":3,"11":3,"12":11,"13":1,"14":1,"15":1,"16":0,"17":0,"18":1,"19":1,"20":11},"f":{"0":11,"1":3,"2":1},"b":{"0":[0,0],"1":[0,0],"2":[3,3],"3":[0,0],"4":[0,0],"5":[1,1]},"meta":{"lastBranch":6,"lastFunction":3,"lastStatement":21,"seen":{"s:4:16:42:Infinity":0,"f:4:16:4:22":0,"s:5:61:5:Infinity":1,"s:6:67:6:Infinity":2,"s:7:26:7:Infinity":3,"s:9:24:20:Infinity":4,"f:9:24:9:31":1,"s:10:8:10:Infinity":5,"s:11:8:19:Infinity":6,"s:12:29:12:Infinity":7,"b:13:12:15:Infinity:undefined:undefined:undefined:undefined":0,"s:13:12:15:Infinity":8,"b:13:16:13:41:13:41:13:65":1,"s:14:16:14:Infinity":9,"s:17:12:17:Infinity":10,"b:17:21:17:42:17:42:17:67":2,"s:18:12:18:Infinity":11,"s:22:27:33:Infinity":12,"f:22:27:22:34":2,"s:23:8:23:Infinity":13,"s:24:8:32:Infinity":14,"s:25:29:25:Infinity":15,"b:26:12:28:Infinity:undefined:undefined:undefined:undefined":3,"s:26:12:28:Infinity":16,"b:26:16:26:41:26:41:26:65":4,"s:27:16:27:Infinity":17,"s:30:12:30:Infinity":18,"b:30:21:30:42:30:42:30:64":5,"s:31:12:31:Infinity":19,"s:35:4:41:Infinity":20}}}
,"/Users/andresmontoya/Documents/UVG/CDI-Lab-04/client/src/hooks/useFiles.ts": {"path":"/Users/andresmontoya/Documents/UVG/CDI-Lab-04/client/src/hooks/useFiles.ts","statementMap":{"0":{"start":{"line":10,"column":17},"end":{"line":177,"column":null}},"1":{"start":{"line":11,"column":42},"end":{"line":11,"column":null}},"2":{"start":{"line":12,"column":54},"end":{"line":12,"column":null}},"3":{"start":{"line":13,"column":46},"end":{"line":13,"column":null}},"4":{"start":{"line":14,"column":32},"end":{"line":14,"column":null}},"5":{"start":{"line":16,"column":53},"end":{"line":16,"column":null}},"6":{"start":{"line":17,"column":73},"end":{"line":17,"column":null}},"7":{"start":{"line":18,"column":57},"end":{"line":18,"column":null}},"8":{"start":{"line":19,"column":56},"end":{"line":19,"column":null}},"9":{"start":{"line":21,"column":29},"end":{"line":45,"column":null}},"10":{"start":{"line":22,"column":8},"end":{"line":22,"column":null}},"11":{"start":{"line":24,"column":25},"end":{"line":24,"column":null}},"12":{"start":{"line":25,"column":8},"end":{"line":25,"column":null}},"13":{"start":{"line":26,"column":8},"end":{"line":28,"column":null}},"14":{"start":{"line":27,"column":12},"end":{"line":27,"column":null}},"15":{"start":{"line":30,"column":8},"end":{"line":44,"column":null}},"16":{"start":{"line":31,"column":27},"end":{"line":31,"column":null}},"17":{"start":{"line":32,"column":12},"end":{"line":39,"column":null}},"18":{"start":{"line":33,"column":16},"end":{"line":33,"column":null}},"19":{"start":{"line":34,"column":16},"end":{"line":34,"column":null}},"20":{"start":{"line":36,"column":16},"end":{"line":36,"column":null}},"21":{"start":{"line":37,"column":16},"end":{"line":37,"column":null}},"22":{"start":{"line":38,"column":16},"end":{"line":38,"column":null}},"23":{"start":{"line":41,"column":12},"end":{"line":41,"column":null}},"24":{"start":{"line":42,"column":12},"end":{"line":42,"column":null}},"25":{"start":{"line":43,"column":12},"end":{"line":43,"column":null}},"26":{"start":{"line":47,"column":35},"end":{"line":68,"column":null}},"27":{"start":{"line":48,"column":8},"end":{"line":48,"column":null}},"28":{"start":{"line":50,"column":25},"end":{"line":50,"column":null}},"29":{"start":{"line":51,"column":8},"end":{"line":51,"column":null}},"30":{"start":{"line":53,"column":8},"end":{"line":67,"column":null}},"31":{"start":{"line":54,"column":27},"end":{"line":54,"column":null}},"32":{"start":{"line":55,"column":12},"end":{"line":62,"column":null}},"33":{"start":{"line":56,"column":16},"end":{"line":56,"column":null}},"34":{"start":{"line":57,"column":16},"end":{"line":57,"column":null}},"35":{"start":{"line":59,"column":16},"end":{"line":59,"column":null}},"36":{"start":{"line":60,"column":16},"end":{"line":60,"column":null}},"37":{"start":{"line":61,"column":16},"end":{"line":61,"column":null}},"38":{"start":{"line":64,"column":12},"end":{"line":64,"column":null}},"39":{"start":{"line":65,"column":12},"end":{"line":65,"column":null}},"40":{"start":{"line":66,"column":12},"end":{"line":66,"column":null}},"41":{"start":{"line":70,"column":31},"end":{"line":128,"column":null}},"42":{"start":{"line":71,"column":8},"end":{"line":71,"column":null}},"43":{"start":{"line":73,"column":8},"end":{"line":127,"column":null}},"44":{"start":{"line":74,"column":12},"end":{"line":74,"column":null}},"45":{"start":{"line":77,"column":27},"end":{"line":77,"column":null}},"46":{"start":{"line":78,"column":12},"end":{"line":87,"column":null}},"47":{"start":{"line":79,"column":16},"end":{"line":86,"column":null}},"48":{"start":{"line":80,"column":43},"end":{"line":80,"column":null}},"49":{"start":{"line":81,"column":20},"end":{"line":83,"column":null}},"50":{"start":{"line":82,"column":24},"end":{"line":82,"column":null}},"51":{"start":{"line":85,"column":20},"end":{"line":85,"column":null}},"52":{"start":{"line":90,"column":12},"end":{"line":92,"column":null}},"53":{"start":{"line":91,"column":16},"end":{"line":91,"column":null}},"54":{"start":{"line":94,"column":12},"end":{"line":94,"column":null}},"55":{"start":{"line":96,"column":27},"end":{"line":96,"column":null}},"56":{"start":{"line":98,"column":12},"end":{"line":122,"column":null}},"57":{"start":{"line":99,"column":16},"end":{"line":99,"column":null}},"58":{"start":{"line":102,"column":29},"end":{"line":102,"column":null}},"59":{"start":{"line":103,"column":28},"end":{"line":103,"column":null}},"60":{"start":{"line":106,"column":26},"end":{"line":106,"column":null}},"61":{"start":{"line":107,"column":16},"end":{"line":107,"column":null}},"62":{"start":{"line":108,"column":16},"end":{"line":108,"column":null}},"63":{"start":{"line":109,"column":16},"end":{"line":109,"column":null}},"64":{"start":{"line":110,"column":16},"end":{"line":110,"column":null}},"65":{"start":{"line":113,"column":16},"end":{"line":113,"column":null}},"66":{"start":{"line":114,"column":16},"end":{"line":114,"column":null}},"67":{"start":{"line":116,"column":16},"end":{"line":116,"column":null}},"68":{"start":{"line":117,"column":16},"end":{"line":117,"column":null}},"69":{"start":{"line":119,"column":16},"end":{"line":119,"column":null}},"70":{"start":{"line":120,"column":16},"end":{"line":120,"column":null}},"71":{"start":{"line":121,"column":16},"end":{"line":121,"column":null}},"72":{"start":{"line":124,"column":12},"end":{"line":124,"column":null}},"73":{"start":{"line":125,"column":12},"end":{"line":125,"column":null}},"74":{"start":{"line":126,"column":12},"end":{"line":126,"column":null}},"75":{"start":{"line":130,"column":26},"end":{"line":147,"column":null}},"76":{"start":{"line":131,"column":8},"end":{"line":131,"column":null}},"77":{"start":{"line":133,"column":8},"end":{"line":146,"column":null}},"78":{"start":{"line":134,"column":27},"end":{"line":134,"column":null}},"79":{"start":{"line":136,"column":12},"end":{"line":142,"column":null}},"80":{"start":{"line":137,"column":16},"end":{"line":137,"column":null}},"81":{"start":{"line":138,"column":16},"end":{"line":138,"column":null}},"82":{"start":{"line":140,"column":16},"end":{"line":140,"column":null}},"83":{"start":{"line":141,"column":16},"end":{"line":141,"column":null}},"84":{"start":{"line":144,"column":12},"end":{"line":144,"column":null}},"85":{"start":{"line":145,"column":12},"end":{"line":145,"column":null}},"86":{"start":{"line":149,"column":24},"end":{"line":154,"column":null}},"87":{"start":{"line":150,"column":8},"end":{"line":150,"column":null}},"88":{"start":{"line":151,"column":8},"end":{"line":151,"column":null}},"89":{"start":{"line":152,"column":8},"end":{"line":152,"column":null}},"90":{"start":{"line":153,"column":8},"end":{"line":153,"column":null}},"91":{"start":{"line":156,"column":4},"end":{"line":176,"column":null}}},"fnMap":{"0":{"name":"(anonymous_0)","decl":{"start":{"line":10,"column":17},"end":{"line":10,"column":23}},"loc":{"start":{"line":10,"column":23},"end":{"line":177,"column":null}},"line":10},"1":{"name":"(anonymous_1)","decl":{"start":{"line":21,"column":29},"end":{"line":21,"column":36}},"loc":{"start":{"line":21,"column":67},"end":{"line":45,"column":null}},"line":21},"2":{"name":"(anonymous_2)","decl":{"start":{"line":47,"column":35},"end":{"line":47,"column":42}},"loc":{"start":{"line":47,"column":57},"end":{"line":68,"column":null}},"line":47},"3":{"name":"(anonymous_3)","decl":{"start":{"line":70,"column":31},"end":{"line":70,"column":38}},"loc":{"start":{"line":70,"column":84},"end":{"line":128,"column":null}},"line":70},"4":{"name":"(anonymous_4)","decl":{"start":{"line":130,"column":26},"end":{"line":130,"column":33}},"loc":{"start":{"line":130,"column":52},"end":{"line":147,"column":null}},"line":130},"5":{"name":"(anonymous_5)","decl":{"start":{"line":149,"column":24},"end":{"line":149,"column":30}},"loc":{"start":{"line":149,"column":30},"end":{"line":154,"column":null}},"line":149}},"branchMap":{"0":{"loc":{"start":{"line":26,"column":8},"end":{"line":28,"column":null}},"type":"if","locations":[{"start":{"line":26,"column":8},"end":{"line":28,"column":null}},{"start":{},"end":{}}],"line":26},"1":{"loc":{"start":{"line":32,"column":12},"end":{"line":39,"column":null}},"type":"if","locations":[{"start":{"line":32,"column":12},"end":{"line":39,"column":null}},{"start":{"line":35,"column":19},"end":{"line":39,"column":null}}],"line":32},"2":{"loc":{"start":{"line":55,"column":12},"end":{"line":62,"column":null}},"type":"if","locations":[{"start":{"line":55,"column":12},"end":{"line":62,"column":null}},{"start":{"line":58,"column":19},"end":{"line":62,"column":null}}],"line":55},"3":{"loc":{"start":{"line":78,"column":12},"end":{"line":87,"column":null}},"type":"if","locations":[{"start":{"line":78,"column":12},"end":{"line":87,"column":null}},{"start":{},"end":{}}],"line":78},"4":{"loc":{"start":{"line":81,"column":20},"end":{"line":83,"column":null}},"type":"if","locations":[{"start":{"line":81,"column":20},"end":{"line":83,"column":null}},{"start":{},"end":{}}],"line":81},"5":{"loc":{"start":{"line":82,"column":35},"end":{"line":82,"column":null}},"type":"binary-expr","locations":[{"start":{"line":82,"column":35},"end":{"line":82,"column":72}},{"start":{"line":82,"column":72},"end":{"line":82,"column":null}}],"line":82},"6":{"loc":{"start":{"line":90,"column":12},"end":{"line":92,"column":null}},"type":"if","locations":[{"start":{"line":90,"column":12},"end":{"line":92,"column":null}},{"start":{},"end":{}}],"line":90},"7":{"loc":{"start":{"line":98,"column":12},"end":{"line":122,"column":null}},"type":"if","locations":[{"start":{"line":98,"column":12},"end":{"line":122,"column":null}},{"start":{"line":118,"column":19},"end":{"line":122,"column":null}}],"line":98},"8":{"loc":{"start":{"line":136,"column":12},"end":{"line":142,"column":null}},"type":"if","locations":[{"start":{"line":136,"column":12},"end":{"line":142,"column":null}},{"start":{"line":139,"column":19},"end":{"line":142,"column":null}}],"line":136}},"s":{"0":2,"1":16,"2":16,"3":16,"4":16,"5":16,"6":16,"7":16,"8":16,"9":16,"10":2,"11":2,"12":2,"13":2,"14":1,"15":2,"16":2,"17":0,"18":0,"19":0,"20":0,"21":0,"22":0,"23":2,"24":2,"25":2,"26":16,"27":1,"28":1,"29":1,"30":1,"31":1,"32":0,"33":0,"34":0,"35":0,"36":0,"37":0,"38":1,"39":1,"40":1,"41":16,"42":1,"43":1,"44":1,"45":1,"46":1,"47":1,"48":1,"49":0,"50":0,"51":1,"52":1,"53":1,"54":1,"55":1,"56":1,"57":0,"58":0,"59":0,"60":0,"61":0,"62":0,"63":0,"64":0,"65":0,"66":0,"67":0,"68":0,"69":1,"70":1,"71":1,"72":0,"73":0,"74":0,"75":16,"76":1,"77":1,"78":1,"79":0,"80":0,"81":0,"82":0,"83":0,"84":1,"85":1,"86":16,"87":1,"88":1,"89":1,"90":1,"91":16},"f":{"0":16,"1":2,"2":1,"3":1,"4":1,"5":1},"b":{"0":[1,1],"1":[0,0],"2":[0,0],"3":[1,0],"4":[0,0],"5":[0,0],"6":[1,0],"7":[0,1],"8":[0,0]},"meta":{"lastBranch":9,"lastFunction":6,"lastStatement":92,"seen":{"s:10:17:177:Infinity":0,"f:10:17:10:23":0,"s:11:42:11:Infinity":1,"s:12:54:12:Infinity":2,"s:13:46:13:Infinity":3,"s:14:32:14:Infinity":4,"s:16:53:16:Infinity":5,"s:17:73:17:Infinity":6,"s:18:57:18:Infinity":7,"s:19:56:19:Infinity":8,"s:21:29:45:Infinity":9,"f:21:29:21:36":1,"s:22:8:22:Infinity":10,"s:24:25:24:Infinity":11,"s:25:8:25:Infinity":12,"b:26:8:28:Infinity:undefined:undefined:undefined:undefined":0,"s:26:8:28:Infinity":13,"s:27:12:27:Infinity":14,"s:30:8:44:Infinity":15,"s:31:27:31:Infinity":16,"b:32:12:39:Infinity:35:19:39:Infinity":1,"s:32:12:39:Infinity":17,"s:33:16:33:Infinity":18,"s:34:16:34:Infinity":19,"s:36:16:36:Infinity":20,"s:37:16:37:Infinity":21,"s:38:16:38:Infinity":22,"s:41:12:41:Infinity":23,"s:42:12:42:Infinity":24,"s:43:12:43:Infinity":25,"s:47:35:68:Infinity":26,"f:47:35:47:42":2,"s:48:8:48:Infinity":27,"s:50:25:50:Infinity":28,"s:51:8:51:Infinity":29,"s:53:8:67:Infinity":30,"s:54:27:54:Infinity":31,"b:55:12:62:Infinity:58:19:62:Infinity":2,"s:55:12:62:Infinity":32,"s:56:16:56:Infinity":33,"s:57:16:57:Infinity":34,"s:59:16:59:Infinity":35,"s:60:16:60:Infinity":36,"s:61:16:61:Infinity":37,"s:64:12:64:Infinity":38,"s:65:12:65:Infinity":39,"s:66:12:66:Infinity":40,"s:70:31:128:Infinity":41,"f:70:31:70:38":3,"s:71:8:71:Infinity":42,"s:73:8:127:Infinity":43,"s:74:12:74:Infinity":44,"s:77:27:77:Infinity":45,"b:78:12:87:Infinity:undefined:undefined:undefined:undefined":3,"s:78:12:87:Infinity":46,"s:79:16:86:Infinity":47,"s:80:43:80:Infinity":48,"b:81:20:83:Infinity:undefined:undefined:undefined:undefined":4,"s:81:20:83:Infinity":49,"s:82:24:82:Infinity":50,"b:82:35:82:72:82:72:82:Infinity":5,"s:85:20:85:Infinity":51,"b:90:12:92:Infinity:undefined:undefined:undefined:undefined":6,"s:90:12:92:Infinity":52,"s:91:16:91:Infinity":53,"s:94:12:94:Infinity":54,"s:96:27:96:Infinity":55,"b:98:12:122:Infinity:118:19:122:Infinity":7,"s:98:12:122:Infinity":56,"s:99:16:99:Infinity":57,"s:102:29:102:Infinity":58,"s:103:28:103:Infinity":59,"s:106:26:106:Infinity":60,"s:107:16:107:Infinity":61,"s:108:16:108:Infinity":62,"s:109:16:109:Infinity":63,"s:110:16:110:Infinity":64,"s:113:16:113:Infinity":65,"s:114:16:114:Infinity":66,"s:116:16:116:Infinity":67,"s:117:16:117:Infinity":68,"s:119:16:119:Infinity":69,"s:120:16:120:Infinity":70,"s:121:16:121:Infinity":71,"s:124:12:124:Infinity":72,"s:125:12:125:Infinity":73,"s:126:12:126:Infinity":74,"s:130:26:147:Infinity":75,"f:130:26:130:33":4,"s:131:8:131:Infinity":76,"s:133:8:146:Infinity":77,"s:134:27:134:Infinity":78,"b:136:12:142:Infinity:139:19:142:Infinity":8,"s:136:12:142:Infinity":79,"s:137:16:137:Infinity":80,"s:138:16:138:Infinity":81,"s:140:16:140:Infinity":82,"s:141:16:141:Infinity":83,"s:144:12:144:Infinity":84,"s:145:12:145:Infinity":85,"s:149:24:154:Infinity":86,"f:149:24:149:30":5,"s:150:8:150:Infinity":87,"s:151:8:151:Infinity":88,"s:152:8:152:Infinity":89,"s:153:8:153:Infinity":90,"s:156:4:176:Infinity":91}}}
,"/Users/andresmontoya/Documents/UVG/CDI-Lab-04/client/src/pages/Home.tsx": {"path":"/Users/andresmontoya/Documents/UVG/CDI-Lab-04/client/src/pages/Home.tsx","statementMap":{"0":{"start":{"line":11,"column":15},"end":{"line":17,"column":null}},"1":{"start":{"line":19,"column":13},"end":{"line":204,"column":null}},"2":{"start":{"line":20,"column":8},"end":{"line":20,"column":null}},"3":{"start":{"line":21,"column":8},"end":{"line":21,"column":null}},"4":{"start":{"line":22,"column":22},"end":{"line":22,"column":null}},"5":{"start":{"line":23,"column":38},"end":{"line":23,"column":null}},"6":{"start":{"line":29,"column":2},"end":{"line":29,"column":null}},"7":{"start":{"line":31,"column":23},"end":{"line":35,"column":null}},"8":{"start":{"line":32,"column":4},"end":{"line":32,"column":null}},"9":{"start":{"line":33,"column":4},"end":{"line":33,"column":null}},"10":{"start":{"line":34,"column":4},"end":{"line":34,"column":null}},"11":{"start":{"line":37,"column":27},"end":{"line":42,"column":null}},"12":{"start":{"line":38,"column":17},"end":{"line":38,"column":null}},"13":{"start":{"line":39,"column":4},"end":{"line":41,"column":null}},"14":{"start":{"line":40,"column":6},"end":{"line":40,"column":null}},"15":{"start":{"line":44,"column":23},"end":{"line":48,"column":null}},"16":{"start":{"line":45,"column":4},"end":{"line":47,"column":null}},"17":{"start":{"line":46,"column":6},"end":{"line":46,"column":null}},"18":{"start":{"line":51,"column":20},"end":{"line":60,"column":null}},"19":{"start":{"line":52,"column":4},"end":{"line":52,"column":null}},"20":{"start":{"line":53,"column":4},"end":{"line":53,"column":null}},"21":{"start":{"line":55,"column":4},"end":{"line":57,"column":null}},"22":{"start":{"line":56,"column":6},"end":{"line":56,"column":null}},"23":{"start":{"line":59,"column":4},"end":{"line":59,"column":null}},"24":{"start":{"line":63,"column":2},"end":{"line":75,"column":null}},"25":{"start":{"line":64,"column":4},"end":{"line":74,"column":null}},"26":{"start":{"line":65,"column":6},"end":{"line":73,"column":null}},"27":{"start":{"line":72,"column":8},"end":{"line":72,"column":null}},"28":{"start":{"line":77,"column":2},"end":{"line":202,"column":null}},"29":{"start":{"line":164,"column":30},"end":{"line":164,"column":null}}},"fnMap":{"0":{"name":"(anonymous_0)","decl":{"start":{"line":19,"column":13},"end":{"line":19,"column":19}},"loc":{"start":{"line":19,"column":19},"end":{"line":204,"column":null}},"line":19},"1":{"name":"(anonymous_1)","decl":{"start":{"line":31,"column":23},"end":{"line":31,"column":29}},"loc":{"start":{"line":31,"column":29},"end":{"line":35,"column":null}},"line":31},"2":{"name":"(anonymous_2)","decl":{"start":{"line":37,"column":27},"end":{"line":37,"column":28}},"loc":{"start":{"line":37,"column":75},"end":{"line":42,"column":null}},"line":37},"3":{"name":"(anonymous_3)","decl":{"start":{"line":44,"column":23},"end":{"line":44,"column":29}},"loc":{"start":{"line":44,"column":29},"end":{"line":48,"column":null}},"line":44},"4":{"name":"(anonymous_4)","decl":{"start":{"line":51,"column":20},"end":{"line":51,"column":26}},"loc":{"start":{"line":51,"column":26},"end":{"line":60,"column":null}},"line":51},"5":{"name":"(anonymous_5)","decl":{"start":{"line":63,"column":12},"end":{"line":63,"column":18}},"loc":{"start":{"line":63,"column":18},"end":{"line":75,"column":5}},"line":63},"6":{"name":"(anonymous_6)","decl":{"start":{"line":71,"column":14},"end":{"line":71,"column":20}},"loc":{"start":{"line":71,"column":20},"end":{"line":73,"column":7}},"line":71},"7":{"name":"(anonymous_7)","decl":{"start":{"line":164,"column":24},"end":{"line":164,"column":30}},"loc":{"start":{"line":164,"column":30},"end":{"line":164,"column":null}},"line":164}},"branchMap":{"0":{"loc":{"start":{"line":39,"column":4},"end":{"line":41,"column":null}},"type":"if","locations":[{"start":{"line":39,"column":4},"end":{"line":41,"column":null}},{"start":{},"end":{}}],"line":39},"1":{"loc":{"start":{"line":45,"column":4},"end":{"line":47,"column":null}},"type":"if","locations":[{"start":{"line":45,"column":4},"end":{"line":47,"column":null}},{"start":{},"end":{}}],"line":45},"2":{"loc":{"start":{"line":55,"column":4},"end":{"line":57,"column":null}},"type":"if","locations":[{"start":{"line":55,"column":4},"end":{"line":57,"column":null}},{"start":{},"end":{}}],"line":55},"3":{"loc":{"start":{"line":64,"column":4},"end":{"line":74,"column":null}},"type":"if","locations":[{"start":{"line":64,"column":4},"end":{"line":74,"column":null}},{"start":{},"end":{}}],"line":64},"4":{"loc":{"start":{"line":143,"column":13},"end":{"line":150,"column":null}},"type":"binary-expr","locations":[{"start":{"line":143,"column":13},"end":{"line":143,"column":null}},{"start":{"line":144,"column":14},"end":{"line":150,"column":null}}],"line":143},"5":{"loc":{"start":{"line":184,"column":22},"end":{"line":184,"column":null}},"type":"binary-expr","locations":[{"start":{"line":184,"column":22},"end":{"line":184,"column":41}},{"start":{"line":184,"column":41},"end":{"line":184,"column":null}}],"line":184},"6":{"loc":{"start":{"line":193,"column":22},"end":{"line":193,"column":null}},"type":"cond-expr","locations":[{"start":{"line":193,"column":37},"end":{"line":193,"column":49}},{"start":{"line":193,"column":49},"end":{"line":193,"column":null}}],"line":193},"7":{"loc":{"start":{"line":195,"column":23},"end":{"line":195,"column":null}},"type":"cond-expr","locations":[{"start":{"line":195,"column":38},"end":{"line":195,"column":42}},{"start":{"line":195,"column":42},"end":{"line":195,"column":null}}],"line":195},"8":{"loc":{"start":{"line":198,"column":13},"end":{"line":198,"column":null}},"type":"cond-expr","locations":[{"start":{"line":198,"column":31},"end":{"line":198,"column":47}},{"start":{"line":198,"column":47},"end":{"line":198,"column":null}}],"line":198}},"s":{"0":2,"1":2,"2":8,"3":8,"4":8,"5":8,"6":8,"7":8,"8":0,"9":0,"10":0,"11":8,"12":1,"13":1,"14":1,"15":8,"16":0,"17":0,"18":8,"19":0,"20":0,"21":0,"22":0,"23":0,"24":8,"25":7,"26":0,"27":0,"28":8,"29":0},"f":{"0":8,"1":0,"2":1,"3":0,"4":0,"5":7,"6":0,"7":0},"b":{"0":[1,0],"1":[0,0],"2":[0,0],"3":[0,7],"4":[8,1],"5":[8,8],"6":[1,7],"7":[1,7],"8":[0,8]},"meta":{"lastBranch":9,"lastFunction":8,"lastStatement":30,"seen":{"s:11:15:17:Infinity":0,"s:19:13:204:Infinity":1,"f:19:13:19:19":0,"s:20:8:20:Infinity":2,"s:21:8:21:Infinity":3,"s:22:22:22:Infinity":4,"s:23:38:23:Infinity":5,"s:29:2:29:Infinity":6,"s:31:23:35:Infinity":7,"f:31:23:31:29":1,"s:32:4:32:Infinity":8,"s:33:4:33:Infinity":9,"s:34:4:34:Infinity":10,"s:37:27:42:Infinity":11,"f:37:27:37:28":2,"s:38:17:38:Infinity":12,"b:39:4:41:Infinity:undefined:undefined:undefined:undefined":0,"s:39:4:41:Infinity":13,"s:40:6:40:Infinity":14,"s:44:23:48:Infinity":15,"f:44:23:44:29":3,"b:45:4:47:Infinity:undefined:undefined:undefined:undefined":1,"s:45:4:47:Infinity":16,"s:46:6:46:Infinity":17,"s:51:20:60:Infinity":18,"f:51:20:51:26":4,"s:52:4:52:Infinity":19,"s:53:4:53:Infinity":20,"b:55:4:57:Infinity:undefined:undefined:undefined:undefined":2,"s:55:4:57:Infinity":21,"s:56:6:56:Infinity":22,"s:59:4:59:Infinity":23,"s:63:2:75:Infinity":24,"f:63:12:63:18":5,"b:64:4:74:Infinity:undefined:undefined:undefined:undefined":3,"s:64:4:74:Infinity":25,"s:65:6:73:Infinity":26,"f:71:14:71:20":6,"s:72:8:72:Infinity":27,"s:77:2:202:Infinity":28,"b:143:13:143:Infinity:144:14:150:Infinity":4,"f:164:24:164:30":7,"s:164:30:164:Infinity":29,"b:184:22:184:41:184:41:184:Infinity":5,"b:193:37:193:49:193:49:193:Infinity":6,"b:195:38:195:42:195:42:195:Infinity":7,"b:198:31:198:47:198:47:198:Infinity":8}}}
,"/Users/andresmontoya/Documents/UVG/CDI-Lab-04/client/src/pages/Login.tsx": {"path":"/Users/andresmontoya/Documents/UVG/CDI-Lab-04/client/src/pages/Login.tsx","statementMap":{"0":{"start":{"line":10,"column":15},"end":{"line":16,"column":null}},"1":{"start":{"line":18,"column":14},"end":{"line":219,"column":null}},"2":{"start":{"line":19,"column":8},"end":{"line":19,"column":null}},"3":{"start":{"line":20,"column":8},"end":{"line":20,"column":null}},"4":{"start":{"line":21,"column":8},"end":{"line":21,"column":null}},"5":{"start":{"line":22,"column":38},"end":{"line":22,"column":null}},"6":{"start":{"line":23,"column":15},"end":{"line":23,"column":null}},"7":{"start":{"line":24,"column":38},"end":{"line":24,"column":null}},"8":{"start":{"line":26,"column":18},"end":{"line":35,"column":null}},"9":{"start":{"line":27,"column":4},"end":{"line":34,"column":null}},"10":{"start":{"line":31,"column":8},"end":{"line":31,"column":null}},"11":{"start":{"line":32,"column":8},"end":{"line":32,"column":null}},"12":{"start":{"line":38,"column":8},"end":{"line":56,"column":null}},"13":{"start":{"line":54,"column":6},"end":{"line":54,"column":null}},"14":{"start":{"line":58,"column":35},"end":{"line":60,"column":null}},"15":{"start":{"line":59,"column":4},"end":{"line":59,"column":null}},"16":{"start":{"line":62,"column":2},"end":{"line":217,"column":null}}},"fnMap":{"0":{"name":"(anonymous_0)","decl":{"start":{"line":18,"column":14},"end":{"line":18,"column":20}},"loc":{"start":{"line":18,"column":20},"end":{"line":219,"column":null}},"line":18},"1":{"name":"(anonymous_1)","decl":{"start":{"line":26,"column":18},"end":{"line":26,"column":19}},"loc":{"start":{"line":26,"column":55},"end":{"line":35,"column":null}},"line":26},"2":{"name":"(anonymous_2)","decl":{"start":{"line":30,"column":6},"end":{"line":30,"column":12}},"loc":{"start":{"line":30,"column":12},"end":{"line":33,"column":null}},"line":30},"3":{"name":"(anonymous_3)","decl":{"start":{"line":53,"column":14},"end":{"line":53,"column":15}},"loc":{"start":{"line":53,"column":26},"end":{"line":55,"column":null}},"line":53},"4":{"name":"(anonymous_4)","decl":{"start":{"line":58,"column":35},"end":{"line":58,"column":41}},"loc":{"start":{"line":58,"column":41},"end":{"line":60,"column":null}},"line":58}},"branchMap":{"0":{"loc":{"start":{"line":23,"column":15},"end":{"line":23,"column":null}},"type":"binary-expr","locations":[{"start":{"line":23,"column":15},"end":{"line":23,"column":49}},{"start":{"line":23,"column":49},"end":{"line":23,"column":null}}],"line":23},"1":{"loc":{"start":{"line":120,"column":13},"end":{"line":121,"column":null}},"type":"binary-expr","locations":[{"start":{"line":120,"column":13},"end":{"line":120,"column":37}},{"start":{"line":120,"column":37},"end":{"line":120,"column":null}},{"start":{"line":121,"column":14},"end":{"line":121,"column":null}}],"line":120},"2":{"loc":{"start":{"line":135,"column":22},"end":{"line":135,"column":null}},"type":"cond-expr","locations":[{"start":{"line":135,"column":37},"end":{"line":135,"column":46}},{"start":{"line":135,"column":46},"end":{"line":135,"column":null}}],"line":135},"3":{"loc":{"start":{"line":173,"column":17},"end":{"line":173,"column":null}},"type":"cond-expr","locations":[{"start":{"line":173,"column":32},"end":{"line":173,"column":44}},{"start":{"line":173,"column":44},"end":{"line":173,"column":null}}],"line":173},"4":{"loc":{"start":{"line":176,"column":13},"end":{"line":177,"column":null}},"type":"binary-expr","locations":[{"start":{"line":176,"column":13},"end":{"line":176,"column":40}},{"start":{"line":176,"column":40},"end":{"line":176,"column":null}},{"start":{"line":177,"column":14},"end":{"line":177,"column":null}}],"line":176},"5":{"loc":{"start":{"line":200,"column":13},"end":{"line":200,"column":null}},"type":"cond-expr","locations":[{"start":{"line":200,"column":30},"end":{"line":200,"column":46}},{"start":{"line":200,"column":46},"end":{"line":200,"column":null}}],"line":200}},"s":{"0":2,"1":2,"2":42,"3":42,"4":42,"5":42,"6":42,"7":42,"8":42,"9":1,"10":1,"11":1,"12":42,"13":1,"14":42,"15":2,"16":42},"f":{"0":42,"1":1,"2":1,"3":1,"4":2},"b":{"0":[42,42],"1":[42,14,6],"2":[1,41],"3":[1,41],"4":[42,14,6],"5":[0,42]},"meta":{"lastBranch":6,"lastFunction":5,"lastStatement":17,"seen":{"s:10:15:16:Infinity":0,"s:18:14:219:Infinity":1,"f:18:14:18:20":0,"s:19:8:19:Infinity":2,"s:20:8:20:Infinity":3,"s:21:8:21:Infinity":4,"s:22:38:22:Infinity":5,"s:23:15:23:Infinity":6,"b:23:15:23:49:23:49:23:Infinity":0,"s:24:38:24:Infinity":7,"s:26:18:35:Infinity":8,"f:26:18:26:19":1,"s:27:4:34:Infinity":9,"f:30:6:30:12":2,"s:31:8:31:Infinity":10,"s:32:8:32:Infinity":11,"s:38:8:56:Infinity":12,"f:53:14:53:15":3,"s:54:6:54:Infinity":13,"s:58:35:60:Infinity":14,"f:58:35:58:41":4,"s:59:4:59:Infinity":15,"s:62:2:217:Infinity":16,"b:120:13:120:37:120:37:120:Infinity:121:14:121:Infinity":1,"b:135:37:135:46:135:46:135:Infinity":2,"b:173:32:173:44:173:44:173:Infinity":3,"b:176:13:176:40:176:40:176:Infinity:177:14:177:Infinity":4,"b:200:30:200:46:200:46:200:Infinity":5}}}
,"/Users/andresmontoya/Documents/UVG/CDI-Lab-04/client/src/pages/Signup.tsx": {"path":"/Users/andresmontoya/Documents/UVG/CDI-Lab-04/client/src/pages/Signup.tsx","statementMap":{"0":{"start":{"line":10,"column":15},"end":{"line":16,"column":null}},"1":{"start":{"line":18,"column":15},"end":{"line":219,"column":null}},"2":{"start":{"line":19,"column":8},"end":{"line":19,"column":null}},"3":{"start":{"line":20,"column":8},"end":{"line":20,"column":null}},"4":{"start":{"line":21,"column":51},"end":{"line":21,"column":null}},"5":{"start":{"line":22,"column":38},"end":{"line":22,"column":null}},"6":{"start":{"line":25,"column":21},"end":{"line":34,"column":null}},"7":{"start":{"line":26,"column":4},"end":{"line":33,"column":null}},"8":{"start":{"line":30,"column":8},"end":{"line":30,"column":null}},"9":{"start":{"line":31,"column":8},"end":{"line":31,"column":null}},"10":{"start":{"line":37,"column":8},"end":{"line":57,"column":null}},"11":{"start":{"line":55,"column":6},"end":{"line":55,"column":null}},"12":{"start":{"line":59,"column":35},"end":{"line":61,"column":null}},"13":{"start":{"line":60,"column":4},"end":{"line":60,"column":null}},"14":{"start":{"line":63,"column":2},"end":{"line":217,"column":null}}},"fnMap":{"0":{"name":"(anonymous_0)","decl":{"start":{"line":18,"column":15},"end":{"line":18,"column":21}},"loc":{"start":{"line":18,"column":21},"end":{"line":219,"column":null}},"line":18},"1":{"name":"(anonymous_1)","decl":{"start":{"line":25,"column":21},"end":{"line":25,"column":22}},"loc":{"start":{"line":25,"column":58},"end":{"line":34,"column":null}},"line":25},"2":{"name":"(anonymous_2)","decl":{"start":{"line":29,"column":6},"end":{"line":29,"column":12}},"loc":{"start":{"line":29,"column":12},"end":{"line":32,"column":null}},"line":29},"3":{"name":"(anonymous_3)","decl":{"start":{"line":54,"column":14},"end":{"line":54,"column":15}},"loc":{"start":{"line":54,"column":26},"end":{"line":56,"column":null}},"line":54},"4":{"name":"(anonymous_4)","decl":{"start":{"line":59,"column":35},"end":{"line":59,"column":41}},"loc":{"start":{"line":59,"column":41},"end":{"line":61,"column":null}},"line":59}},"branchMap":{"0":{"loc":{"start":{"line":80,"column":7},"end":{"line":90,"column":null}},"type":"binary-expr","locations":[{"start":{"line":80,"column":7},"end":{"line":80,"column":null}},{"start":{"line":81,"column":8},"end":{"line":90,"column":null}}],"line":80},"1":{"loc":{"start":{"line":127,"column":11},"end":{"line":128,"column":null}},"type":"binary-expr","locations":[{"start":{"line":127,"column":11},"end":{"line":127,"column":35}},{"start":{"line":127,"column":35},"end":{"line":127,"column":null}},{"start":{"line":128,"column":12},"end":{"line":128,"column":null}}],"line":127},"2":{"loc":{"start":{"line":142,"column":20},"end":{"line":142,"column":null}},"type":"cond-expr","locations":[{"start":{"line":142,"column":35},"end":{"line":142,"column":44}},{"start":{"line":142,"column":44},"end":{"line":142,"column":null}}],"line":142},"3":{"loc":{"start":{"line":178,"column":15},"end":{"line":178,"column":null}},"type":"cond-expr","locations":[{"start":{"line":178,"column":30},"end":{"line":178,"column":42}},{"start":{"line":178,"column":42},"end":{"line":178,"column":null}}],"line":178},"4":{"loc":{"start":{"line":181,"column":11},"end":{"line":182,"column":null}},"type":"binary-expr","locations":[{"start":{"line":181,"column":11},"end":{"line":181,"column":38}},{"start":{"line":181,"column":38},"end":{"line":181,"column":null}},{"start":{"line":182,"column":12},"end":{"line":182,"column":null}}],"line":181},"5":{"loc":{"start":{"line":201,"column":11},"end":{"line":201,"column":null}},"type":"cond-expr","locations":[{"start":{"line":201,"column":31},"end":{"line":201,"column":47}},{"start":{"line":201,"column":47},"end":{"line":201,"column":null}}],"line":201}},"s":{"0":2,"1":2,"2":9,"3":9,"4":9,"5":9,"6":9,"7":0,"8":0,"9":0,"10":9,"11":0,"12":9,"13":0,"14":9},"f":{"0":9,"1":0,"2":0,"3":0,"4":0},"b":{"0":[9,0],"1":[9,0,0],"2":[0,9],"3":[0,9],"4":[9,0,0],"5":[0,9]},"meta":{"lastBranch":6,"lastFunction":5,"lastStatement":15,"seen":{"s:10:15:16:Infinity":0,"s:18:15:219:Infinity":1,"f:18:15:18:21":0,"s:19:8:19:Infinity":2,"s:20:8:20:Infinity":3,"s:21:51:21:Infinity":4,"s:22:38:22:Infinity":5,"s:25:21:34:Infinity":6,"f:25:21:25:22":1,"s:26:4:33:Infinity":7,"f:29:6:29:12":2,"s:30:8:30:Infinity":8,"s:31:8:31:Infinity":9,"s:37:8:57:Infinity":10,"f:54:14:54:15":3,"s:55:6:55:Infinity":11,"s:59:35:61:Infinity":12,"f:59:35:59:41":4,"s:60:4:60:Infinity":13,"s:63:2:217:Infinity":14,"b:80:7:80:Infinity:81:8:90:Infinity":0,"b:127:11:127:35:127:35:127:Infinity:128:12:128:Infinity":1,"b:142:35:142:44:142:44:142:Infinity":2,"b:178:30:178:42:178:42:178:Infinity":3,"b:181:11:181:38:181:38:181:Infinity:182:12:182:Infinity":4,"b:201:31:201:47:201:47:201:Infinity":5}}}
,"/Users/andresmontoya/Documents/UVG/CDI-Lab-04/client/src/store/slices/appState-slice.ts": {"path":"/Users/andresmontoya/Documents/UVG/CDI-Lab-04/client/src/store/slices/appState-slice.ts","statementMap":{"0":{"start":{"line":9,"column":31},"end":{"line":11,"column":null}},"1":{"start":{"line":13,"column":6},"end":{"line":21,"column":null}},"2":{"start":{"line":18,"column":12},"end":{"line":18,"column":null}},"3":{"start":{"line":23,"column":31},"end":{"line":23,"column":null}}},"fnMap":{"0":{"name":"(anonymous_0)","decl":{"start":{"line":17,"column":21},"end":{"line":17,"column":22}},"loc":{"start":{"line":17,"column":40},"end":{"line":19,"column":null}},"line":17}},"branchMap":{},"s":{"0":11,"1":11,"2":13,"3":11},"f":{"0":13},"b":{},"meta":{"lastBranch":0,"lastFunction":1,"lastStatement":4,"seen":{"s:9:31:11:Infinity":0,"s:13:6:21:Infinity":1,"f:17:21:17:22":0,"s:18:12:18:Infinity":2,"s:23:31:23:Infinity":3}}}
,"/Users/andresmontoya/Documents/UVG/CDI-Lab-04/client/src/utils/constants.ts": {"path":"/Users/andresmontoya/Documents/UVG/CDI-Lab-04/client/src/utils/constants.ts","statementMap":{"0":{"start":{"line":1,"column":33},"end":{"line":1,"column":null}},"1":{"start":{"line":2,"column":41},"end":{"line":2,"column":null}},"2":{"start":{"line":3,"column":47},"end":{"line":3,"column":null}}},"fnMap":{},"branchMap":{},"s":{"0":11,"1":11,"2":11},"f":{},"b":{},"meta":{"lastBranch":0,"lastFunction":0,"lastStatement":3,"seen":{"s:1:33:1:Infinity":0,"s:2:41:2:Infinity":1,"s:3:47:3:Infinity":2}}}
}
