{"/Users/andresmontoya/Documents/UVG/CDI-Lab-04/client/src/components/Header.tsx": {"path":"/Users/andresmontoya/Documents/UVG/CDI-Lab-04/client/src/components/Header.tsx","statementMap":{"0":{"start":{"line":8,"column":15},"end":{"line":14,"column":null}},"1":{"start":{"line":16,"column":15},"end":{"line":103,"column":null}},"2":{"start":{"line":17,"column":8},"end":{"line":17,"column":null}},"3":{"start":{"line":19,"column":23},"end":{"line":23,"column":null}},"4":{"start":{"line":20,"column":4},"end":{"line":20,"column":null}},"5":{"start":{"line":21,"column":4},"end":{"line":21,"column":null}},"6":{"start":{"line":22,"column":4},"end":{"line":22,"column":null}},"7":{"start":{"line":25,"column":2},"end":{"line":101,"column":null}}},"fnMap":{"0":{"name":"(anonymous_0)","decl":{"start":{"line":16,"column":15},"end":{"line":16,"column":21}},"loc":{"start":{"line":16,"column":21},"end":{"line":103,"column":null}},"line":16},"1":{"name":"(anonymous_1)","decl":{"start":{"line":19,"column":23},"end":{"line":19,"column":29}},"loc":{"start":{"line":19,"column":29},"end":{"line":23,"column":null}},"line":19}},"branchMap":{},"s":{"0":1,"1":1,"2":46,"3":46,"4":0,"5":0,"6":0,"7":46},"f":{"0":46,"1":0},"b":{},"meta":{"lastBranch":0,"lastFunction":2,"lastStatement":8,"seen":{"s:8:15:14:Infinity":0,"s:16:15:103:Infinity":1,"f:16:15:16:21":0,"s:17:8:17:Infinity":2,"s:19:23:23:Infinity":3,"f:19:23:19:29":1,"s:20:4:20:Infinity":4,"s:21:4:21:Infinity":5,"s:22:4:22:Infinity":6,"s:25:2:101:Infinity":7}}}
,"/Users/andresmontoya/Documents/UVG/CDI-Lab-04/client/src/pages/Home.tsx": {"path":"/Users/andresmontoya/Documents/UVG/CDI-Lab-04/client/src/pages/Home.tsx","statementMap":{"0":{"start":{"line":11,"column":15},"end":{"line":17,"column":null}},"1":{"start":{"line":19,"column":13},"end":{"line":204,"column":null}},"2":{"start":{"line":20,"column":8},"end":{"line":20,"column":null}},"3":{"start":{"line":21,"column":8},"end":{"line":21,"column":null}},"4":{"start":{"line":22,"column":22},"end":{"line":22,"column":null}},"5":{"start":{"line":23,"column":38},"end":{"line":23,"column":null}},"6":{"start":{"line":29,"column":2},"end":{"line":29,"column":null}},"7":{"start":{"line":31,"column":23},"end":{"line":35,"column":null}},"8":{"start":{"line":32,"column":4},"end":{"line":32,"column":null}},"9":{"start":{"line":33,"column":4},"end":{"line":33,"column":null}},"10":{"start":{"line":34,"column":4},"end":{"line":34,"column":null}},"11":{"start":{"line":37,"column":27},"end":{"line":42,"column":null}},"12":{"start":{"line":38,"column":17},"end":{"line":38,"column":null}},"13":{"start":{"line":39,"column":4},"end":{"line":41,"column":null}},"14":{"start":{"line":40,"column":6},"end":{"line":40,"column":null}},"15":{"start":{"line":44,"column":23},"end":{"line":48,"column":null}},"16":{"start":{"line":45,"column":4},"end":{"line":47,"column":null}},"17":{"start":{"line":46,"column":6},"end":{"line":46,"column":null}},"18":{"start":{"line":51,"column":20},"end":{"line":60,"column":null}},"19":{"start":{"line":52,"column":4},"end":{"line":52,"column":null}},"20":{"start":{"line":53,"column":4},"end":{"line":53,"column":null}},"21":{"start":{"line":55,"column":4},"end":{"line":57,"column":null}},"22":{"start":{"line":56,"column":6},"end":{"line":56,"column":null}},"23":{"start":{"line":59,"column":4},"end":{"line":59,"column":null}},"24":{"start":{"line":63,"column":2},"end":{"line":75,"column":null}},"25":{"start":{"line":64,"column":4},"end":{"line":74,"column":null}},"26":{"start":{"line":65,"column":6},"end":{"line":73,"column":null}},"27":{"start":{"line":72,"column":8},"end":{"line":72,"column":null}},"28":{"start":{"line":77,"column":2},"end":{"line":202,"column":null}},"29":{"start":{"line":164,"column":30},"end":{"line":164,"column":null}}},"fnMap":{"0":{"name":"(anonymous_0)","decl":{"start":{"line":19,"column":13},"end":{"line":19,"column":19}},"loc":{"start":{"line":19,"column":19},"end":{"line":204,"column":null}},"line":19},"1":{"name":"(anonymous_1)","decl":{"start":{"line":31,"column":23},"end":{"line":31,"column":29}},"loc":{"start":{"line":31,"column":29},"end":{"line":35,"column":null}},"line":31},"2":{"name":"(anonymous_2)","decl":{"start":{"line":37,"column":27},"end":{"line":37,"column":28}},"loc":{"start":{"line":37,"column":75},"end":{"line":42,"column":null}},"line":37},"3":{"name":"(anonymous_3)","decl":{"start":{"line":44,"column":23},"end":{"line":44,"column":29}},"loc":{"start":{"line":44,"column":29},"end":{"line":48,"column":null}},"line":44},"4":{"name":"(anonymous_4)","decl":{"start":{"line":51,"column":20},"end":{"line":51,"column":26}},"loc":{"start":{"line":51,"column":26},"end":{"line":60,"column":null}},"line":51},"5":{"name":"(anonymous_5)","decl":{"start":{"line":63,"column":12},"end":{"line":63,"column":18}},"loc":{"start":{"line":63,"column":18},"end":{"line":75,"column":5}},"line":63},"6":{"name":"(anonymous_6)","decl":{"start":{"line":71,"column":14},"end":{"line":71,"column":20}},"loc":{"start":{"line":71,"column":20},"end":{"line":73,"column":7}},"line":71},"7":{"name":"(anonymous_7)","decl":{"start":{"line":164,"column":24},"end":{"line":164,"column":30}},"loc":{"start":{"line":164,"column":30},"end":{"line":164,"column":null}},"line":164}},"branchMap":{"0":{"loc":{"start":{"line":39,"column":4},"end":{"line":41,"column":null}},"type":"if","locations":[{"start":{"line":39,"column":4},"end":{"line":41,"column":null}},{"start":{},"end":{}}],"line":39},"1":{"loc":{"start":{"line":45,"column":4},"end":{"line":47,"column":null}},"type":"if","locations":[{"start":{"line":45,"column":4},"end":{"line":47,"column":null}},{"start":{},"end":{}}],"line":45},"2":{"loc":{"start":{"line":55,"column":4},"end":{"line":57,"column":null}},"type":"if","locations":[{"start":{"line":55,"column":4},"end":{"line":57,"column":null}},{"start":{},"end":{}}],"line":55},"3":{"loc":{"start":{"line":64,"column":4},"end":{"line":74,"column":null}},"type":"if","locations":[{"start":{"line":64,"column":4},"end":{"line":74,"column":null}},{"start":{},"end":{}}],"line":64},"4":{"loc":{"start":{"line":143,"column":13},"end":{"line":150,"column":null}},"type":"binary-expr","locations":[{"start":{"line":143,"column":13},"end":{"line":143,"column":null}},{"start":{"line":144,"column":14},"end":{"line":150,"column":null}}],"line":143},"5":{"loc":{"start":{"line":184,"column":22},"end":{"line":184,"column":null}},"type":"binary-expr","locations":[{"start":{"line":184,"column":22},"end":{"line":184,"column":41}},{"start":{"line":184,"column":41},"end":{"line":184,"column":null}}],"line":184},"6":{"loc":{"start":{"line":193,"column":22},"end":{"line":193,"column":null}},"type":"cond-expr","locations":[{"start":{"line":193,"column":37},"end":{"line":193,"column":49}},{"start":{"line":193,"column":49},"end":{"line":193,"column":null}}],"line":193},"7":{"loc":{"start":{"line":195,"column":23},"end":{"line":195,"column":null}},"type":"cond-expr","locations":[{"start":{"line":195,"column":38},"end":{"line":195,"column":42}},{"start":{"line":195,"column":42},"end":{"line":195,"column":null}}],"line":195},"8":{"loc":{"start":{"line":198,"column":13},"end":{"line":198,"column":null}},"type":"cond-expr","locations":[{"start":{"line":198,"column":31},"end":{"line":198,"column":47}},{"start":{"line":198,"column":47},"end":{"line":198,"column":null}}],"line":198}},"s":{"0":1,"1":1,"2":46,"3":46,"4":46,"5":46,"6":46,"7":46,"8":0,"9":0,"10":0,"11":46,"12":11,"13":11,"14":10,"15":46,"16":2,"17":2,"18":46,"19":4,"20":4,"21":4,"22":4,"23":4,"24":46,"25":28,"26":4,"27":4,"28":46,"29":5},"f":{"0":46,"1":0,"2":11,"3":2,"4":4,"5":28,"6":4,"7":5},"b":{"0":[10,1],"1":[2,0],"2":[4,0],"3":[4,24],"4":[46,15],"5":[46,45],"6":[15,31],"7":[15,31],"8":[1,45]},"meta":{"lastBranch":9,"lastFunction":8,"lastStatement":30,"seen":{"s:11:15:17:Infinity":0,"s:19:13:204:Infinity":1,"f:19:13:19:19":0,"s:20:8:20:Infinity":2,"s:21:8:21:Infinity":3,"s:22:22:22:Infinity":4,"s:23:38:23:Infinity":5,"s:29:2:29:Infinity":6,"s:31:23:35:Infinity":7,"f:31:23:31:29":1,"s:32:4:32:Infinity":8,"s:33:4:33:Infinity":9,"s:34:4:34:Infinity":10,"s:37:27:42:Infinity":11,"f:37:27:37:28":2,"s:38:17:38:Infinity":12,"b:39:4:41:Infinity:undefined:undefined:undefined:undefined":0,"s:39:4:41:Infinity":13,"s:40:6:40:Infinity":14,"s:44:23:48:Infinity":15,"f:44:23:44:29":3,"b:45:4:47:Infinity:undefined:undefined:undefined:undefined":1,"s:45:4:47:Infinity":16,"s:46:6:46:Infinity":17,"s:51:20:60:Infinity":18,"f:51:20:51:26":4,"s:52:4:52:Infinity":19,"s:53:4:53:Infinity":20,"b:55:4:57:Infinity:undefined:undefined:undefined:undefined":2,"s:55:4:57:Infinity":21,"s:56:6:56:Infinity":22,"s:59:4:59:Infinity":23,"s:63:2:75:Infinity":24,"f:63:12:63:18":5,"b:64:4:74:Infinity:undefined:undefined:undefined:undefined":3,"s:64:4:74:Infinity":25,"s:65:6:73:Infinity":26,"f:71:14:71:20":6,"s:72:8:72:Infinity":27,"s:77:2:202:Infinity":28,"b:143:13:143:Infinity:144:14:150:Infinity":4,"f:164:24:164:30":7,"s:164:30:164:Infinity":29,"b:184:22:184:41:184:41:184:Infinity":5,"b:193:37:193:49:193:49:193:Infinity":6,"b:195:38:195:42:195:42:195:Infinity":7,"b:198:31:198:47:198:47:198:Infinity":8}}}
,"/Users/andresmontoya/Documents/UVG/CDI-Lab-04/client/src/store/slices/appState-slice.ts": {"path":"/Users/andresmontoya/Documents/UVG/CDI-Lab-04/client/src/store/slices/appState-slice.ts","statementMap":{"0":{"start":{"line":9,"column":31},"end":{"line":11,"column":null}},"1":{"start":{"line":13,"column":6},"end":{"line":21,"column":null}},"2":{"start":{"line":18,"column":12},"end":{"line":18,"column":null}},"3":{"start":{"line":23,"column":31},"end":{"line":23,"column":null}}},"fnMap":{"0":{"name":"(anonymous_0)","decl":{"start":{"line":17,"column":21},"end":{"line":17,"column":22}},"loc":{"start":{"line":17,"column":40},"end":{"line":19,"column":null}},"line":17}},"branchMap":{},"s":{"0":1,"1":1,"2":0,"3":1},"f":{"0":0},"b":{},"meta":{"lastBranch":0,"lastFunction":1,"lastStatement":4,"seen":{"s:9:31:11:Infinity":0,"s:13:6:21:Infinity":1,"f:17:21:17:22":0,"s:18:12:18:Infinity":2,"s:23:31:23:Infinity":3}}}
,"/Users/andresmontoya/Documents/UVG/CDI-Lab-04/client/src/utils/constants.ts": {"path":"/Users/andresmontoya/Documents/UVG/CDI-Lab-04/client/src/utils/constants.ts","statementMap":{"0":{"start":{"line":1,"column":33},"end":{"line":1,"column":null}},"1":{"start":{"line":2,"column":41},"end":{"line":2,"column":null}},"2":{"start":{"line":3,"column":47},"end":{"line":3,"column":null}}},"fnMap":{},"branchMap":{},"s":{"0":1,"1":1,"2":1},"f":{},"b":{},"meta":{"lastBranch":0,"lastFunction":0,"lastStatement":3,"seen":{"s:1:33:1:Infinity":0,"s:2:41:2:Infinity":1,"s:3:47:3:Infinity":2}}}
}
