TN:
SF:src/App.tsx
FN:10,(anonymous_0)
FN:12,(anonymous_1)
FNF:2
FNH:2
FNDA:8,(anonymous_0)
FNDA:7,(anonymous_1)
DA:10,1
DA:11,8
DA:12,8
DA:13,7
DA:14,7
DA:15,3
DA:18,8
LF:7
LH:7
BRDA:14,0,0,3
BRDA:14,0,1,4
BRF:2
BRH:2
end_of_record
TN:
SF:src/components/Header.tsx
FN:16,(anonymous_0)
FN:19,(anonymous_1)
FNF:2
FNH:2
FNDA:22,(anonymous_0)
FNDA:1,(anonymous_1)
DA:8,5
DA:16,5
DA:17,22
DA:19,22
DA:20,1
DA:21,1
DA:22,1
DA:25,22
LF:8
LH:8
BRF:0
BRH:0
end_of_record
TN:
SF:src/hooks/useAuth.ts
FN:4,(anonymous_0)
FN:9,(anonymous_1)
FN:22,(anonymous_2)
FNF:3
FNH:3
FNDA:11,(anonymous_0)
FNDA:3,(anonymous_1)
FNDA:1,(anonymous_2)
DA:4,2
DA:5,11
DA:6,11
DA:7,11
DA:9,11
DA:10,3
DA:11,3
DA:12,3
DA:13,0
DA:14,0
DA:17,3
DA:18,3
DA:22,11
DA:23,1
DA:24,1
DA:25,1
DA:26,0
DA:27,0
DA:30,1
DA:31,1
DA:35,11
LF:21
LH:17
BRDA:13,0,0,0
BRDA:13,0,1,0
BRDA:13,1,0,0
BRDA:13,1,1,0
BRDA:17,2,0,3
BRDA:17,2,1,3
BRDA:26,3,0,0
BRDA:26,3,1,0
BRDA:26,4,0,0
BRDA:26,4,1,0
BRDA:30,5,0,1
BRDA:30,5,1,1
BRF:12
BRH:4
end_of_record
TN:
SF:src/hooks/useFiles.ts
FN:10,(anonymous_0)
FN:21,(anonymous_1)
FN:47,(anonymous_2)
FN:70,(anonymous_3)
FN:130,(anonymous_4)
FN:149,(anonymous_5)
FNF:6
FNH:6
FNDA:16,(anonymous_0)
FNDA:2,(anonymous_1)
FNDA:1,(anonymous_2)
FNDA:1,(anonymous_3)
FNDA:1,(anonymous_4)
FNDA:1,(anonymous_5)
DA:10,2
DA:11,16
DA:12,16
DA:13,16
DA:14,16
DA:16,16
DA:17,16
DA:18,16
DA:19,16
DA:21,16
DA:22,2
DA:24,2
DA:25,2
DA:26,2
DA:27,1
DA:30,2
DA:31,2
DA:32,0
DA:33,0
DA:34,0
DA:36,0
DA:37,0
DA:38,0
DA:41,2
DA:42,2
DA:43,2
DA:47,16
DA:48,1
DA:50,1
DA:51,1
DA:53,1
DA:54,1
DA:55,0
DA:56,0
DA:57,0
DA:59,0
DA:60,0
DA:61,0
DA:64,1
DA:65,1
DA:66,1
DA:70,16
DA:71,1
DA:73,1
DA:74,1
DA:77,1
DA:78,1
DA:79,1
DA:80,1
DA:81,0
DA:82,0
DA:85,1
DA:90,1
DA:91,1
DA:94,1
DA:96,1
DA:98,1
DA:99,0
DA:102,0
DA:103,0
DA:106,0
DA:107,0
DA:108,0
DA:109,0
DA:110,0
DA:113,0
DA:114,0
DA:116,0
DA:117,0
DA:119,1
DA:120,1
DA:121,1
DA:124,0
DA:125,0
DA:126,0
DA:130,16
DA:131,1
DA:133,1
DA:134,1
DA:136,0
DA:137,0
DA:138,0
DA:140,0
DA:141,0
DA:144,1
DA:145,1
DA:149,16
DA:150,1
DA:151,1
DA:152,1
DA:153,1
DA:156,16
LF:92
LH:58
BRDA:26,0,0,1
BRDA:26,0,1,1
BRDA:32,1,0,0
BRDA:32,1,1,0
BRDA:55,2,0,0
BRDA:55,2,1,0
BRDA:78,3,0,1
BRDA:78,3,1,0
BRDA:81,4,0,0
BRDA:81,4,1,0
BRDA:82,5,0,0
BRDA:82,5,1,0
BRDA:90,6,0,1
BRDA:90,6,1,0
BRDA:98,7,0,0
BRDA:98,7,1,1
BRDA:136,8,0,0
BRDA:136,8,1,0
BRF:18
BRH:5
end_of_record
TN:
SF:src/pages/Home.tsx
FN:19,(anonymous_0)
FN:31,(anonymous_1)
FN:37,(anonymous_2)
FN:44,(anonymous_3)
FN:51,(anonymous_4)
FN:63,(anonymous_5)
FN:71,(anonymous_6)
FN:164,(anonymous_7)
FNF:8
FNH:3
FNDA:8,(anonymous_0)
FNDA:0,(anonymous_1)
FNDA:1,(anonymous_2)
FNDA:0,(anonymous_3)
FNDA:0,(anonymous_4)
FNDA:7,(anonymous_5)
FNDA:0,(anonymous_6)
FNDA:0,(anonymous_7)
DA:11,2
DA:19,2
DA:20,8
DA:21,8
DA:22,8
DA:23,8
DA:29,8
DA:31,8
DA:32,0
DA:33,0
DA:34,0
DA:37,8
DA:38,1
DA:39,1
DA:40,1
DA:44,8
DA:45,0
DA:46,0
DA:51,8
DA:52,0
DA:53,0
DA:55,0
DA:56,0
DA:59,0
DA:63,8
DA:64,7
DA:65,0
DA:72,0
DA:77,8
DA:164,0
LF:30
LH:17
BRDA:39,0,0,1
BRDA:39,0,1,0
BRDA:45,1,0,0
BRDA:45,1,1,0
BRDA:55,2,0,0
BRDA:55,2,1,0
BRDA:64,3,0,0
BRDA:64,3,1,7
BRDA:143,4,0,8
BRDA:143,4,1,1
BRDA:184,5,0,8
BRDA:184,5,1,8
BRDA:193,6,0,1
BRDA:193,6,1,7
BRDA:195,7,0,1
BRDA:195,7,1,7
BRDA:198,8,0,0
BRDA:198,8,1,8
BRF:18
BRH:11
end_of_record
TN:
SF:src/pages/Login.tsx
FN:18,(anonymous_0)
FN:26,(anonymous_1)
FN:30,(anonymous_2)
FN:53,(anonymous_3)
FN:58,(anonymous_4)
FNF:5
FNH:5
FNDA:42,(anonymous_0)
FNDA:1,(anonymous_1)
FNDA:1,(anonymous_2)
FNDA:1,(anonymous_3)
FNDA:2,(anonymous_4)
DA:10,2
DA:18,2
DA:19,42
DA:20,42
DA:21,42
DA:22,42
DA:23,42
DA:24,42
DA:26,42
DA:27,1
DA:31,1
DA:32,1
DA:38,42
DA:54,1
DA:58,42
DA:59,2
DA:62,42
LF:17
LH:17
BRDA:23,0,0,42
BRDA:23,0,1,42
BRDA:120,1,0,42
BRDA:120,1,1,14
BRDA:120,1,2,6
BRDA:135,2,0,1
BRDA:135,2,1,41
BRDA:173,3,0,1
BRDA:173,3,1,41
BRDA:176,4,0,42
BRDA:176,4,1,14
BRDA:176,4,2,6
BRDA:200,5,0,0
BRDA:200,5,1,42
BRF:14
BRH:13
end_of_record
TN:
SF:src/pages/Signup.tsx
FN:18,(anonymous_0)
FN:25,(anonymous_1)
FN:29,(anonymous_2)
FN:54,(anonymous_3)
FN:59,(anonymous_4)
FNF:5
FNH:1
FNDA:9,(anonymous_0)
FNDA:0,(anonymous_1)
FNDA:0,(anonymous_2)
FNDA:0,(anonymous_3)
FNDA:0,(anonymous_4)
DA:10,2
DA:18,2
DA:19,9
DA:20,9
DA:21,9
DA:22,9
DA:25,9
DA:26,0
DA:30,0
DA:31,0
DA:37,9
DA:55,0
DA:59,9
DA:60,0
DA:63,9
LF:15
LH:10
BRDA:80,0,0,9
BRDA:80,0,1,0
BRDA:127,1,0,9
BRDA:127,1,1,0
BRDA:127,1,2,0
BRDA:142,2,0,0
BRDA:142,2,1,9
BRDA:178,3,0,0
BRDA:178,3,1,9
BRDA:181,4,0,9
BRDA:181,4,1,0
BRDA:181,4,2,0
BRDA:201,5,0,0
BRDA:201,5,1,9
BRF:14
BRH:6
end_of_record
TN:
SF:src/store/slices/appState-slice.ts
FN:17,(anonymous_0)
FNF:1
FNH:1
FNDA:13,(anonymous_0)
DA:9,11
DA:13,11
DA:18,13
DA:23,11
LF:4
LH:4
BRF:0
BRH:0
end_of_record
TN:
SF:src/utils/constants.ts
FNF:0
FNH:0
DA:1,11
DA:2,11
DA:3,11
LF:3
LH:3
BRF:0
BRH:0
end_of_record
